\BOOKMARK [0][-]{chapter.1}{\376\377\000I\000n\000t\000r\000o\000d\000u\000\347\000\343\000o}{}% 1
\BOOKMARK [1][-]{section.1.1}{\376\377\000F\000i\000l\000o\000s\000o\000f\000i\000a}{chapter.1}% 2
\BOOKMARK [1][-]{section.1.2}{\376\377\000C\000a\000r\000a\000c\000t\000e\000r\000\355\000s\000t\000i\000c\000a\000s\000\040\000T\000\351\000c\000n\000i\000c\000a\000s}{chapter.1}% 3
\BOOKMARK [1][-]{section.1.3}{\376\377\000I\000n\000s\000t\000a\000l\000a\000\347\000\343\000o}{chapter.1}% 4
\BOOKMARK [1][-]{section.1.4}{\376\377\000I\000m\000p\000o\000r\000t\000a\000n\000d\000o\000\040\000o\000\040\000P\000l\000u\000g\000i\000n}{chapter.1}% 5
\BOOKMARK [0][-]{chapter.2}{\376\377\000R\000e\000f\000e\000r\000\352\000n\000c\000i\000a\000\040\000d\000a\000s\000\040\000F\000u\000n\000\347\000\365\000e\000s}{}% 6
\BOOKMARK [1][-]{section.2.1}{\376\377\000h\000a\000y\000p\000l\000o\000t\000\050\000d\000f\000,\000\040\000a\000e\000s\000\051\000\040\040\024\000\040\000I\000n\000i\000c\000i\000a\000l\000i\000z\000a\000\347\000\343\000o}{chapter.2}% 7
\BOOKMARK [1][-]{section.2.2}{\376\377\000g\000e\000o\000m\000\137\000p\000o\000i\000n\000t\000\050\000p\000l\000o\000t\000,\000\040\000c\000o\000l\000o\000r\000,\000\040\000s\000i\000z\000e\000\051\000\040\040\024\000\040\000C\000a\000m\000a\000d\000a\000\040\000d\000e\000\040\000P\000o\000n\000t\000o\000s}{chapter.2}% 8
\BOOKMARK [1][-]{section.2.3}{\376\377\000l\000a\000b\000s\000\050\000p\000l\000o\000t\000,\000\040\000t\000i\000t\000l\000e\000,\000\040\000x\000,\000\040\000y\000\051\000\040\040\024\000\040\000R\000\363\000t\000u\000l\000o\000s}{chapter.2}% 9
\BOOKMARK [1][-]{section.2.4}{\376\377\000r\000e\000n\000d\000e\000r\000\137\000s\000v\000g\000\050\000p\000l\000o\000t\000\051\000\040\040\024\000\040\000R\000e\000n\000d\000e\000r\000i\000z\000a\000\347\000\343\000o}{chapter.2}% 10
\BOOKMARK [0][-]{chapter.3}{\376\377\000F\000l\000u\000x\000o\000\040\000d\000e\000\040\000T\000r\000a\000b\000a\000l\000h\000o}{}% 11
\BOOKMARK [1][-]{section.3.1}{\376\377\000P\000i\000p\000e\000l\000i\000n\000e\000\040\000D\000e\000c\000l\000a\000r\000a\000t\000i\000v\000o}{chapter.3}% 12
\BOOKMARK [1][-]{section.3.2}{\376\377\000T\000i\000p\000o\000s\000\040\000d\000e\000\040\000C\000o\000l\000u\000n\000a\000s\000\040\000S\000u\000p\000o\000r\000t\000a\000d\000o\000s}{chapter.3}% 13
\BOOKMARK [1][-]{section.3.3}{\376\377\000V\000a\000l\000o\000r\000e\000s\000\040\000A\000u\000s\000e\000n\000t\000e\000s}{chapter.3}% 14
\BOOKMARK [0][-]{chapter.4}{\376\377\000E\000x\000e\000m\000p\000l\000o\000s\000\040\000C\000o\000m\000p\000l\000e\000t\000o\000s}{}% 15
\BOOKMARK [1][-]{section.4.1}{\376\377\000D\000i\000s\000p\000e\000r\000s\000\343\000o\000\040\000S\000i\000m\000p\000l\000e\000s}{chapter.4}% 16
\BOOKMARK [1][-]{section.4.2}{\376\377\000C\000u\000r\000v\000a\000\040\000d\000e\000\040\000P\000h\000i\000l\000l\000i\000p\000s}{chapter.4}% 17
\BOOKMARK [1][-]{section.4.3}{\376\377\000A\000\040\000p\000a\000r\000t\000i\000r\000\040\000d\000e\000\040\000A\000r\000q\000u\000i\000v\000o\000\040\000C\000S\000V}{chapter.4}% 18
\BOOKMARK [1][-]{section.4.4}{\376\377\000C\000o\000m\000b\000i\000n\000a\000n\000d\000o\000\040\000c\000o\000m\000\040\000R\000e\000g\000r\000e\000s\000s\000\343\000o\000\040\000O\000L\000S}{chapter.4}% 19
\BOOKMARK [1][-]{section.4.5}{\376\377\000P\000i\000p\000e\000l\000i\000n\000e\000\040\000M\000u\000l\000t\000i\000-\000l\000i\000n\000h\000a}{chapter.4}% 20
\BOOKMARK [0][-]{chapter.5}{\376\377\000A\000r\000q\000u\000i\000t\000e\000t\000u\000r\000a\000\040\000T\000\351\000c\000n\000i\000c\000a}{}% 21
\BOOKMARK [1][-]{section.5.1}{\376\377\000C\000o\000m\000u\000n\000i\000c\000a\000\347\000\343\000o\000\040\000v\000i\000a\000\040\000F\000F\000I\000\040\000A\000r\000r\000o\000w}{chapter.5}% 22
\BOOKMARK [1][-]{section.5.2}{\376\377\000D\000e\000p\000e\000n\000d\000\352\000n\000c\000i\000a\000s}{chapter.5}% 23
\BOOKMARK [1][-]{section.5.3}{\376\377\000C\000o\000m\000p\000i\000l\000a\000\347\000\343\000o\000\040\000e\000\040\000D\000i\000s\000t\000r\000i\000b\000u\000i\000\347\000\343\000o}{chapter.5}% 24
\BOOKMARK [0][-]{chapter.6}{\376\377\000G\000u\000i\000a\000\040\000d\000e\000\040\000C\000o\000n\000t\000r\000i\000b\000u\000i\000\347\000\343\000o}{}% 25
\BOOKMARK [1][-]{section.6.1}{\376\377\000C\000o\000n\000f\000i\000g\000u\000r\000a\000n\000d\000o\000\040\000o\000\040\000A\000m\000b\000i\000e\000n\000t\000e}{chapter.6}% 26
\BOOKMARK [1][-]{section.6.2}{\376\377\000T\000e\000s\000t\000a\000n\000d\000o\000\040\000c\000o\000m\000\040\000o\000\040\000H\000a\000y\000a\000s\000h\000i\000\040\000L\000o\000c\000a\000l}{chapter.6}% 27
\BOOKMARK [1][-]{section.6.3}{\376\377\000A\000d\000i\000c\000i\000o\000n\000a\000n\000d\000o\000\040\000N\000o\000v\000a\000s\000\040\000G\000e\000o\000m\000e\000t\000r\000i\000a\000s}{chapter.6}% 28
\BOOKMARK [0][-]{chapter.7}{\376\377\000R\000o\000a\000d\000m\000a\000p}{}% 29
\BOOKMARK [0][-]{chapter.8}{\376\377\000R\000e\000f\000e\000r\000\352\000n\000c\000i\000a\000\040\000R\000\341\000p\000i\000d\000a}{}% 30
